<?xml version="1.0" encoding="UTF-8"?>
<testng-results ignored="0" total="1" passed="1" failed="0" skipped="0">
  <reporter-output>
  </reporter-output>
  <suite started-at="2022-05-08T12:22:35 IST" name="Default suite" finished-at="2022-05-08T12:22:44 IST" duration-ms="9242">
    <groups>
    </groups>
    <test started-at="2022-05-08T12:22:35 IST" name="Default test" finished-at="2022-05-08T12:22:44 IST" duration-ms="9242">
      <class name="raj.KeywordDriverProj01.TestClass01">
        <test-method is-config="true" signature="invokeBrowser()[pri:0, instance:raj.KeywordDriverProj01.TestClass01@d5b810e]" started-at="2022-05-08T12:22:35 IST" name="invokeBrowser" finished-at="2022-05-08T12:22:39 IST" duration-ms="4738" status="PASS">
          <reporter-output>
          </reporter-output>
        </test-method> <!-- invokeBrowser -->
        <test-method signature="test01()[pri:0, instance:raj.KeywordDriverProj01.TestClass01@d5b810e]" started-at="2022-05-08T12:22:39 IST" name="test01" finished-at="2022-05-08T12:22:44 IST" duration-ms="4429" status="PASS">
          <reporter-output>
          </reporter-output>
        </test-method> <!-- test01 -->
      </class> <!-- raj.KeywordDriverProj01.TestClass01 -->
    </test> <!-- Default test -->
  </suite> <!-- Default suite -->
</testng-results>
